2013-05-14 10:52:23,512 [main] INFO  168 Search - 2103年
2013-05-14 10:52:23,516 [main] INFO  168 Search - 运动会
2013-05-14 10:52:23,924 [main] INFO  70 Search - 搜到Field个数：0
2013-05-14 10:52:23,972 [main] INFO  70 Search - 搜到Field个数：1
2013-05-14 10:52:23,996 [main] INFO  188 Search - 开始消除重复的Field
2013-05-14 10:52:23,997 [main] INFO  207 Search - 开始匹配:
2013-05-14 10:52:23,997 [main] INFO  223 Search - 依照Rank进行排序:
2013-05-14 10:53:55,709 [main] INFO  168 Search - 2103年
2013-05-14 10:53:55,714 [main] INFO  168 Search - 运动会
2013-05-14 10:53:56,140 [main] INFO  70 Search - 搜到Field个数：0
2013-05-14 10:53:56,183 [main] INFO  70 Search - 搜到Field个数：1
2013-05-14 10:53:56,205 [main] INFO  188 Search - 开始消除重复的Field
2013-05-14 10:53:56,205 [main] INFO  207 Search - 开始匹配:
2013-05-14 10:53:56,205 [main] INFO  223 Search - 依照Rank进行排序:
2013-05-14 10:58:42,017 [main] INFO  168 Search - 2103年
2013-05-14 10:58:42,021 [main] INFO  168 Search - 运动会
2013-05-14 10:58:42,425 [main] INFO  70 Search - 搜到Field个数：0
2013-05-14 10:58:42,469 [main] INFO  70 Search - 搜到Field个数：1
2013-05-14 10:58:42,495 [main] INFO  188 Search - 开始消除重复的Field
2013-05-14 10:58:42,495 [main] INFO  207 Search - 开始匹配:
2013-05-14 10:58:42,496 [main] INFO  223 Search - 依照Rank进行排序:
2013-05-14 11:04:01,443 [main] INFO  168 Search - 2103年
2013-05-14 11:04:01,448 [main] INFO  168 Search - 运动会
2013-05-14 11:04:01,853 [main] INFO  70 Search - 搜到Field个数：0
2013-05-14 11:04:01,899 [main] INFO  70 Search - 搜到Field个数：1
2013-05-14 11:04:01,920 [main] INFO  188 Search - 开始消除重复的Field
2013-05-14 11:04:01,920 [main] INFO  207 Search - 开始匹配:
2013-05-14 11:04:01,921 [main] INFO  223 Search - 依照Rank进行排序:
2013-05-14 11:08:14,616 [main] INFO  168 Search - 2103年
2013-05-14 11:08:14,621 [main] INFO  168 Search - 运动会
2013-05-14 11:08:15,025 [main] INFO  70 Search - 搜到Field个数：0
2013-05-14 11:08:15,071 [main] INFO  70 Search - 搜到Field个数：1
2013-05-14 11:08:15,092 [main] INFO  188 Search - 开始消除重复的Field
2013-05-14 11:08:15,093 [main] INFO  207 Search - 开始匹配:
2013-05-14 11:08:15,093 [main] INFO  223 Search - 依照Rank进行排序:
2013-05-14 11:10:10,711 [main] INFO  168 Search - 2103年
2013-05-14 11:10:10,715 [main] INFO  168 Search - 运动会
2013-05-14 11:10:11,122 [main] INFO  70 Search - 搜到Field个数：0
2013-05-14 11:10:11,167 [main] INFO  70 Search - 搜到Field个数：1
2013-05-14 11:10:11,188 [main] INFO  188 Search - 开始消除重复的Field
2013-05-14 11:10:11,189 [main] INFO  207 Search - 开始匹配:
2013-05-14 11:10:11,189 [main] INFO  223 Search - 依照Rank进行排序:
2013-05-14 11:11:10,009 [main] INFO  168 Search - 2013年
2013-05-14 11:11:10,012 [main] INFO  168 Search - 运动会
2013-05-14 11:11:10,424 [main] INFO  70 Search - 搜到Field个数：7
2013-05-14 11:11:10,474 [main] INFO  70 Search - 搜到Field个数：1
2013-05-14 11:11:10,492 [main] INFO  188 Search - 开始消除重复的Field
2013-05-14 11:11:10,493 [main] INFO  207 Search - 开始匹配:
2013-05-14 11:11:10,494 [main] INFO  258 Search - result2中第:0个增加了匹配度
2013-05-14 11:11:10,495 [main] INFO  223 Search - 依照Rank进行排序:
2013-05-14 11:54:04,359 [main] INFO  168 Search - 2013年
2013-05-14 11:54:04,363 [main] INFO  168 Search - 运动会
2013-05-14 11:54:04,846 [main] INFO  70 Search - 搜到Field个数：7
2013-05-14 11:54:04,909 [main] INFO  70 Search - 搜到Field个数：1
2013-05-14 11:54:04,930 [main] INFO  188 Search - 开始消除重复的Field
2013-05-14 11:54:04,931 [main] INFO  207 Search - 开始匹配:
2013-05-14 11:54:04,933 [main] INFO  258 Search - result2中第:0个增加了匹配度
2013-05-14 11:54:04,933 [main] INFO  223 Search - 依照Rank进行排序:
2013-05-14 13:59:59,382 [main] INFO  168 Search - 理工学院
2013-05-14 13:59:59,881 [main] INFO  70 Search - 搜到Field个数：829
2013-05-14 14:00:00,426 [main] INFO  188 Search - 开始消除重复的Field
2013-05-14 14:00:00,430 [main] INFO  207 Search - 开始匹配:
2013-05-14 14:00:00,431 [main] INFO  223 Search - 依照Rank进行排序:
2013-05-14 15:15:45,441 [main] INFO  168 Search - 理工学院
2013-05-14 15:15:47,100 [main] INFO  70 Search - 搜到Field个数：829
2013-05-14 15:15:48,027 [main] INFO  188 Search - 开始消除重复的Field
2013-05-14 15:15:48,031 [main] INFO  207 Search - 开始匹配:
2013-05-14 15:15:48,032 [main] INFO  223 Search - 依照Rank进行排序:
2013-05-15 20:23:00,216 [main] INFO  168 Search - 理工学院
2013-05-15 20:23:00,970 [main] INFO  70 Search - 搜到Field个数：829
2013-05-15 20:23:01,606 [main] INFO  188 Search - 开始消除重复的Field
2013-05-15 20:23:01,610 [main] INFO  207 Search - 开始匹配:
2013-05-15 20:23:01,610 [main] INFO  223 Search - 依照Rank进行排序:
2013-05-15 23:49:19,260 [main] INFO  168 Search - 理工学院
2013-05-15 23:49:19,872 [main] INFO  70 Search - 搜到Field个数：829
2013-05-15 23:49:20,456 [main] INFO  188 Search - 开始消除重复的Field
2013-05-15 23:49:20,460 [main] INFO  207 Search - 开始匹配:
2013-05-15 23:49:20,461 [main] INFO  223 Search - 依照Rank进行排序:
2013-05-15 23:51:07,685 [main] INFO  386 HtmlParser - 解析的encoding:gb2312
2013-05-15 23:51:07,688 [main] INFO  414 HtmlParser - 编码:gb2312
2013-05-15 23:51:07,727 [main] INFO  432 HtmlParser - encoding:gb2312
2013-05-15 23:51:07,728 [main] INFO  434 HtmlParser - 开始过滤处理提取
2013-05-15 23:51:07,729 [main] INFO  317 HtmlParser - title:璁＄??哄???
2013-05-15 23:51:07,730 [main] INFO  126 HtmlParser - http-equiv:Content-Type  content:text/html;charset=gb2312
2013-05-15 23:51:07,731 [main] INFO  111 HtmlParser - name:keywords  content:?????伐瀛??,璁＄??哄???suse,K.s Zhang,happyjinwang,??房
2013-05-15 23:51:07,734 [main] INFO  184 HtmlParser - link:http://www.baidu.com/Default.aspx
2013-05-15 23:51:07,752 [main] INFO  184 HtmlParser - link:http://www.baidu.com/Download.aspx
2013-05-15 23:51:07,753 [main] INFO  184 HtmlParser - link:http://www.baidu.com/Message.aspx
2013-05-15 23:51:07,753 [main] INFO  184 HtmlParser - link:http://www.baidu.com/javascript:;
2013-05-15 23:51:07,754 [main] INFO  184 HtmlParser - link:http://www.baidu.com/javascript:;
2013-05-15 23:51:07,755 [main] INFO  184 HtmlParser - link:http://jkx.suse.edu.cn/List.aspx?t=5&id=90
2013-05-15 23:51:07,756 [main] INFO  184 HtmlParser - link:http://jkx.suse.edu.cn/List.aspx?t=5&id=57
2013-05-15 23:51:07,756 [main] INFO  184 HtmlParser - link:http://jkx.suse.edu.cn/xsxxglxt
2013-05-15 23:51:07,757 [main] INFO  184 HtmlParser - link:http://isc.suse.edu.cn
2013-05-15 23:51:07,758 [main] INFO  184 HtmlParser - link:http://acm.suse.edu.cn
2013-05-15 23:51:07,758 [main] INFO  184 HtmlParser - link:http://wlxh.suse.edu.cn
2013-05-15 23:51:07,759 [main] INFO  184 HtmlParser - link:http://ccst.suse.edu.cn
2013-05-15 23:51:07,759 [main] INFO  184 HtmlParser - link:http://csss.suse.edu.cn
2013-05-15 23:51:07,760 [main] INFO  184 HtmlParser - link:http://jkx.suse.edu.cn/graduate.aspx
2013-05-15 23:51:07,760 [main] INFO  184 HtmlParser - link:http://jkx.suse.edu.cn/List.aspx?t=4&id=55
2013-05-15 23:51:07,761 [main] INFO  184 HtmlParser - link:http://www.baidu.com/javascript:;
2013-05-15 23:51:07,762 [main] INFO  184 HtmlParser - link:http://www.baidu.com/javascript:;
2013-05-15 23:51:07,762 [main] INFO  184 HtmlParser - link:http://www.baidu.com/javascript:;
2013-05-15 23:51:07,763 [main] INFO  184 HtmlParser - link:http://www.baidu.com/javascript:;
2013-05-15 23:51:07,763 [main] INFO  184 HtmlParser - link:http://www.baidu.com/javascript:;
2013-05-15 23:51:07,764 [main] INFO  184 HtmlParser - link:http://www.baidu.com/javascript:;
2013-05-15 23:51:07,764 [main] INFO  448 HtmlParser - 写入文档成功
2013-05-15 23:51:07,764 [main] INFO  449 HtmlParser - 解析文档成功
2013-05-16 17:26:31,002 [main] INFO  168 Search - 理工学院
2013-05-16 17:26:31,599 [main] INFO  70 Search - 搜到Field个数：829
2013-05-16 17:26:32,325 [main] INFO  188 Search - 开始消除重复的Field
2013-05-16 17:26:32,328 [main] INFO  207 Search - 开始匹配:
2013-05-16 17:26:32,329 [main] INFO  223 Search - 依照Rank进行排序:
