2013-04-28 22:56:13,610 [main] INFO  67 com.http.control.CrawlWebCentralThread - Spider Start running...
2013-04-28 22:56:14,061 [main] INFO  32 BreadthFirstTraversal - seed: http://www.suse.edu.cn
2013-04-28 22:56:49,281 [pool-1-thread-1] INFO  40 CrawlThread - Task url:http://www.suse.edu.cn
2013-04-28 22:56:50,561 [pool-1-thread-1] TRACE 41 CrawlThread -  entry parms(httpconnect)
2013-04-28 22:56:51,796 [pool-1-thread-1] INFO  53 HttpConnectPool - new conncet:
2013-04-28 22:59:12,981 [pool-1-thread-1] INFO  131 HttpConnect - http://www.suse.edu.cn
2013-04-28 22:59:19,478 [pool-1-thread-1] TRACE 49 CrawlThread -  exit with (httpconnect)
2013-04-28 22:59:20,968 [pool-1-thread-1] TRACE 51 CrawlThread -  entry parms(HtmlDownLoad)
2013-04-28 23:00:01,294 [pool-1-thread-1] TRACE 59 CrawlThread -  exit with (HtmlDownLoad)
2013-04-28 23:00:06,752 [pool-1-thread-1] DEBUG 63 CrawlThread - Release Connect
2013-04-28 23:00:08,115 [pool-1-thread-1] TRACE 71 CrawlThread -  entry parms(HtmlParser)
2013-04-28 23:00:10,006 [pool-1-thread-1] DEBUG 72 CrawlThread - parser:true
2013-04-28 23:00:22,391 [pool-1-thread-1] INFO  234 HtmlParser - Parser url:
2013-04-28 23:00:22,394 [pool-1-thread-1] INFO  195 HtmlParser - title:ÂõõÂ∑ùÁêÜÂ∑•Â≠¶Èô¢È¶ñÈ°µ
2013-04-28 23:00:22,399 [pool-1-thread-1] INFO  106 HtmlParser - http-equiv:Content-Type  content:text/html; charset=utf-8
2013-04-28 23:00:22,403 [pool-1-thread-1] INFO  98 HtmlParser - name:keywords  content:ÂõõÂ∑ùÁêÜÂ∑•Â≠¶Èô¢
2013-04-28 23:00:22,406 [pool-1-thread-1] INFO  98 HtmlParser - name:description  content:ÂõõÂ∑ùÁêÜÂ∑•Â≠¶Èô¢
2013-04-28 23:00:22,421 [pool-1-thread-1] INFO  131 HtmlParser - link:http://www.suse.edu.cn/
2013-04-28 23:00:22,438 [pool-1-thread-1] INFO  131 HtmlParser - link:http://www.suse.edu.cn/qjmy/hd/index.html
2013-04-28 23:00:22,461 [pool-1-thread-1] INFO  131 HtmlParser - link:http://lb.suse.edu.cn/
2013-04-28 23:00:22,466 [pool-1-thread-1] INFO  131 HtmlParser - link:http://zzb.suse.edu.cn/
2013-04-28 23:00:22,472 [pool-1-thread-1] INFO  131 HtmlParser - link:http://xcb.suse.edu.cn/
2013-04-28 23:00:22,477 [pool-1-thread-1] INFO  131 HtmlParser - link:http://tzb.suse.edu.cn/
2013-04-28 23:00:22,485 [pool-1-thread-1] INFO  131 HtmlParser - link:http://jwjs.suse.edu.cn/
2013-04-28 23:00:22,490 [pool-1-thread-1] INFO  131 HtmlParser - link:http://xsc.suse.edu.cn/
2013-04-28 23:00:22,495 [pool-1-thread-1] INFO  131 HtmlParser - link:http://bwc.suse.edu.cn/
2013-04-28 23:00:22,500 [pool-1-thread-1] INFO  131 HtmlParser - link:http://gh.suse.edu.cn/
2013-04-28 23:00:22,504 [pool-1-thread-1] INFO  131 HtmlParser - link:http://tw.suse.edu.cn/
2013-04-28 23:00:22,509 [pool-1-thread-1] INFO  131 HtmlParser - link:http://rsc.suse.edu.cn/
2013-04-28 23:00:22,514 [pool-1-thread-1] INFO  131 HtmlParser - link:http://jcc.suse.edu.cn/
2013-04-28 23:00:22,518 [pool-1-thread-1] INFO  131 HtmlParser - link:http://zb.suse.edu.cn/
2013-04-28 23:00:22,523 [pool-1-thread-1] INFO  131 HtmlParser - link:http://jwc.suse.edu.cn/
2013-04-28 23:00:22,527 [pool-1-thread-1] INFO  131 HtmlParser - link:http://kjc.suse.edu.cn/
2013-04-28 23:00:22,532 [pool-1-thread-1] INFO  131 HtmlParser - link:http://ltc.suse.edu.cn/
2013-04-28 23:00:22,536 [pool-1-thread-1] INFO  131 HtmlParser - link:http://yjs.suse.edu.cn/
2013-04-28 23:00:22,541 [pool-1-thread-1] INFO  131 HtmlParser - link:http://xb.suse.edu.cn/
2013-04-28 23:00:22,548 [pool-1-thread-1] INFO  131 HtmlParser - link:http://gjjl.suse.edu.cn/
2013-04-28 23:00:22,553 [pool-1-thread-1] INFO  131 HtmlParser - link:http://gzc.suse.edu.cn/
2013-04-28 23:00:22,558 [pool-1-thread-1] INFO  131 HtmlParser - link:http://hqzgs.suse.edu.cn/
2013-04-28 23:00:22,563 [pool-1-thread-1] INFO  131 HtmlParser - link:http://lib.suse.edu.cn/
2013-04-28 23:00:22,567 [pool-1-thread-1] INFO  131 HtmlParser - link:http://dag.suse.edu.cn/
2013-04-28 23:00:22,572 [pool-1-thread-1] INFO  131 HtmlParser - link:http://jjy.suse.edu.cn/
2013-04-28 23:00:22,577 [pool-1-thread-1] INFO  131 HtmlParser - link:http://jjc.suse.edu.cn/
2013-04-28 23:00:22,581 [pool-1-thread-1] INFO  131 HtmlParser - link:http://hgc.suse.edu.cn/
2013-04-28 23:00:22,586 [pool-1-thread-1] INFO  131 HtmlParser - link:http://fgc.suse.edu.cn/
2013-04-28 23:00:22,590 [pool-1-thread-1] INFO  131 HtmlParser - link:http://nic.suse.edu.cn/
2013-04-28 23:00:22,600 [pool-1-thread-1] INFO  131 HtmlParser - link:http://chx.suse.edu.cn/
2013-04-28 23:00:22,605 [pool-1-thread-1] INFO  131 HtmlParser - link:http://sgx.suse.edu.cn/
2013-04-28 23:00:22,609 [pool-1-thread-1] INFO  131 HtmlParser - link:http://wyxy.suse.edu.cn/
2013-04-28 23:00:22,614 [pool-1-thread-1] INFO  131 HtmlParser - link:http://glx.suse.edu.cn/
2013-04-28 23:00:22,618 [pool-1-thread-1] INFO  131 HtmlParser - link:http://dz.suse.edu.cn/
2013-04-28 23:00:22,623 [pool-1-thread-1] INFO  131 HtmlParser - link:http://jdx.suse.edu.cn/
2013-04-28 23:00:22,627 [pool-1-thread-1] INFO  131 HtmlParser - link:http://jkx.suse.edu.cn/
2013-04-28 23:00:22,631 [pool-1-thread-1] INFO  131 HtmlParser - link:http://lxy.suse.edu.cn/
2013-04-28 23:00:22,636 [pool-1-thread-1] INFO  131 HtmlParser - link:http://rwxy.suse.edu.cn/
2013-04-28 23:00:22,641 [pool-1-thread-1] INFO  131 HtmlParser - link:http://jgx.suse.edu.cn/
2013-04-28 23:00:22,646 [pool-1-thread-1] INFO  131 HtmlParser - link:http://ysxy.suse.edu.cn/
2013-04-28 23:00:22,653 [pool-1-thread-1] INFO  131 HtmlParser - link:http://fxy.suse.edu.cn/
2013-04-28 23:00:22,664 [pool-1-thread-1] INFO  131 HtmlParser - link:http://hxx.suse.edu.cn/
2013-04-28 23:00:22,670 [pool-1-thread-1] INFO  131 HtmlParser - link:http://tyx.suse.edu.cn/
2013-04-28 23:00:22,675 [pool-1-thread-1] INFO  131 HtmlParser - link:http://dggwh.suse.edu.cn/
2013-04-28 23:00:22,684 [pool-1-thread-1] INFO  131 HtmlParser - link:http://www.suse.edu.cn/quality/index.aspx
2013-04-28 23:00:22,701 [pool-1-thread-1] INFO  131 HtmlParser - link:http://lib.suse.edu.cn/
2013-04-28 23:00:22,706 [pool-1-thread-1] INFO  131 HtmlParser - link:http://www.suse.edu.cn/view-1008.aspx
2013-04-28 23:00:22,711 [pool-1-thread-1] INFO  131 HtmlParser - link:http://www.suse.edu.cn/view-1008.aspx
2013-04-28 23:00:22,809 [pool-1-thread-1] INFO  131 HtmlParser - link:http://news.suse.edu.cn/
2013-04-28 23:00:22,814 [pool-1-thread-1] INFO  131 HtmlParser - link:http://newspaper.suse.edu.cn/
2013-04-28 23:00:22,819 [pool-1-thread-1] INFO  131 HtmlParser - link:http://xb.suse.edu.cn/
2013-04-28 23:00:22,824 [pool-1-thread-1] INFO  131 HtmlParser - link:http://lib.suse.edu.cn/e-resource
2013-04-28 23:00:22,829 [pool-1-thread-1] INFO  131 HtmlParser - link:http://yjs.suse.edu.cn/
2013-04-28 23:00:22,833 [pool-1-thread-1] INFO  131 HtmlParser - link:http://gjjl.suse.edu.cn/
2013-04-28 23:00:22,838 [pool-1-thread-1] INFO  131 HtmlParser - link:http://jjy.suse.edu.cn/
2013-04-28 23:00:22,844 [pool-1-thread-1] INFO  131 HtmlParser - link:http://www.suse.edu.cn/quality/index.aspx
2013-04-28 23:00:22,848 [pool-1-thread-1] INFO  131 HtmlParser - link:http://job.suse.edu.cn/
2013-04-28 23:00:22,853 [pool-1-thread-1] INFO  131 HtmlParser - link:http://zb.suse.edu.cn/
2013-04-28 23:00:22,857 [pool-1-thread-1] INFO  131 HtmlParser - link:http://xljk.suse.edu.cn/
2013-04-28 23:00:22,862 [pool-1-thread-1] INFO  131 HtmlParser - link:http://sxzzjy.suse.edu.cn/
2013-04-28 23:00:22,867 [pool-1-thread-1] INFO  131 HtmlParser - link:http://www.suse.edu.cn/sview-25.aspx
2013-04-28 23:00:22,872 [pool-1-thread-1] INFO  131 HtmlParser - link:http://www.suse.edu.cn/cxzy/
2013-04-28 23:00:22,884 [pool-1-thread-1] INFO  131 HtmlParser - link:http://portal.suse.edu.cn/
2013-04-28 23:00:22,896 [pool-1-thread-1] INFO  131 HtmlParser - link:http://www.suse.edu.cn/list-5.aspx
2013-04-28 23:00:22,905 [pool-1-thread-1] INFO  131 HtmlParser - link:http://xxgk.suse.edu.cn/
2013-04-28 23:00:22,916 [pool-1-thread-1] INFO  131 HtmlParser - link:http://mail.suse.edu.cn/
2013-04-28 23:00:22,924 [pool-1-thread-1] INFO  131 HtmlParser - link:http://www.suse.edu.cn/sso/login.aspx
2013-04-28 23:00:22,943 [pool-1-thread-1] INFO  131 HtmlParser - link:http://www.suse.edu.cn/sjxx/Default.aspx
2013-04-28 23:00:22,948 [pool-1-thread-1] INFO  131 HtmlParser - link:http://www.suse.edu.cn/yzxx/Default.aspx
2013-04-28 23:00:22,964 [pool-1-thread-1] INFO  267 HtmlParser - http://www.suse.edu.cn/:false
2013-04-28 23:00:22,976 [pool-1-thread-1] INFO  270 HtmlParser - http://www.suse.edu.cn/:true
2013-04-28 23:00:22,977 [pool-1-thread-1] INFO  267 HtmlParser - http://www.suse.edu.cn/qjmy/hd/index.html:false
2013-04-28 23:00:22,990 [pool-1-thread-1] INFO  270 HtmlParser - http://www.suse.edu.cn/qjmy/hd/index.html:true
2013-04-28 23:00:22,992 [pool-1-thread-1] INFO  267 HtmlParser - http://lb.suse.edu.cn/:false
2013-04-28 23:00:23,008 [pool-1-thread-1] INFO  270 HtmlParser - http://lb.suse.edu.cn/:true
2013-04-28 23:00:23,010 [pool-1-thread-1] INFO  267 HtmlParser - http://zzb.suse.edu.cn/:false
2013-04-28 23:00:23,030 [pool-1-thread-1] INFO  270 HtmlParser - http://zzb.suse.edu.cn/:true
2013-04-28 23:00:23,032 [pool-1-thread-1] INFO  267 HtmlParser - http://xcb.suse.edu.cn/:false
2013-04-28 23:00:23,057 [pool-1-thread-1] INFO  270 HtmlParser - http://xcb.suse.edu.cn/:true
2013-04-28 23:00:23,058 [pool-1-thread-1] INFO  267 HtmlParser - http://tzb.suse.edu.cn/:false
2013-04-28 23:00:23,074 [pool-1-thread-1] INFO  270 HtmlParser - http://tzb.suse.edu.cn/:true
2013-04-28 23:00:23,075 [pool-1-thread-1] INFO  267 HtmlParser - http://jwjs.suse.edu.cn/:false
2013-04-28 23:00:23,093 [pool-1-thread-1] INFO  270 HtmlParser - http://jwjs.suse.edu.cn/:true
2013-04-28 23:00:23,094 [pool-1-thread-1] INFO  267 HtmlParser - http://xsc.suse.edu.cn/:false
2013-04-28 23:00:23,115 [pool-1-thread-1] INFO  270 HtmlParser - http://xsc.suse.edu.cn/:true
2013-04-28 23:00:23,116 [pool-1-thread-1] INFO  267 HtmlParser - http://bwc.suse.edu.cn/:false
2013-04-28 23:00:23,132 [pool-1-thread-1] INFO  270 HtmlParser - http://bwc.suse.edu.cn/:true
2013-04-28 23:00:23,133 [pool-1-thread-1] INFO  267 HtmlParser - http://gh.suse.edu.cn/:false
2013-04-28 23:00:23,150 [pool-1-thread-1] INFO  270 HtmlParser - http://gh.suse.edu.cn/:true
2013-04-28 23:00:23,151 [pool-1-thread-1] INFO  267 HtmlParser - http://tw.suse.edu.cn/:false
2013-04-28 23:00:23,166 [pool-1-thread-1] INFO  270 HtmlParser - http://tw.suse.edu.cn/:true
2013-04-28 23:00:23,167 [pool-1-thread-1] INFO  267 HtmlParser - http://rsc.suse.edu.cn/:false
2013-04-28 23:00:23,192 [pool-1-thread-1] INFO  270 HtmlParser - http://rsc.suse.edu.cn/:true
2013-04-28 23:00:23,193 [pool-1-thread-1] INFO  267 HtmlParser - http://jcc.suse.edu.cn/:false
2013-04-28 23:00:23,231 [pool-1-thread-1] INFO  270 HtmlParser - http://jcc.suse.edu.cn/:true
2013-04-28 23:00:23,232 [pool-1-thread-1] INFO  267 HtmlParser - http://zb.suse.edu.cn/:false
2013-04-28 23:00:23,249 [pool-1-thread-1] INFO  270 HtmlParser - http://zb.suse.edu.cn/:true
2013-04-28 23:00:23,250 [pool-1-thread-1] INFO  267 HtmlParser - http://jwc.suse.edu.cn/:false
2013-04-28 23:00:23,266 [pool-1-thread-1] INFO  270 HtmlParser - http://jwc.suse.edu.cn/:true
2013-04-28 23:00:23,267 [pool-1-thread-1] INFO  267 HtmlParser - http://kjc.suse.edu.cn/:false
2013-04-28 23:00:23,278 [pool-1-thread-1] INFO  270 HtmlParser - http://kjc.suse.edu.cn/:true
2013-04-28 23:00:23,279 [pool-1-thread-1] INFO  267 HtmlParser - http://ltc.suse.edu.cn/:false
2013-04-28 23:00:23,290 [pool-1-thread-1] INFO  270 HtmlParser - http://ltc.suse.edu.cn/:true
2013-04-28 23:00:23,292 [pool-1-thread-1] INFO  267 HtmlParser - http://yjs.suse.edu.cn/:false
2013-04-28 23:00:23,310 [pool-1-thread-1] INFO  270 HtmlParser - http://yjs.suse.edu.cn/:true
2013-04-28 23:00:23,312 [pool-1-thread-1] INFO  267 HtmlParser - http://xb.suse.edu.cn/:false
2013-04-28 23:00:23,324 [pool-1-thread-1] INFO  270 HtmlParser - http://xb.suse.edu.cn/:true
2013-04-28 23:00:23,325 [pool-1-thread-1] INFO  267 HtmlParser - http://gjjl.suse.edu.cn/:false
2013-04-28 23:00:23,336 [pool-1-thread-1] INFO  270 HtmlParser - http://gjjl.suse.edu.cn/:true
2013-04-28 23:00:23,337 [pool-1-thread-1] INFO  267 HtmlParser - http://gzc.suse.edu.cn/:false
2013-04-28 23:00:23,350 [pool-1-thread-1] INFO  270 HtmlParser - http://gzc.suse.edu.cn/:true
2013-04-28 23:00:23,351 [pool-1-thread-1] INFO  267 HtmlParser - http://hqzgs.suse.edu.cn/:false
2013-04-28 23:00:23,364 [pool-1-thread-1] INFO  270 HtmlParser - http://hqzgs.suse.edu.cn/:true
2013-04-28 23:00:23,365 [pool-1-thread-1] INFO  267 HtmlParser - http://lib.suse.edu.cn/:false
2013-04-28 23:00:23,377 [pool-1-thread-1] INFO  270 HtmlParser - http://lib.suse.edu.cn/:true
2013-04-28 23:00:23,378 [pool-1-thread-1] INFO  267 HtmlParser - http://dag.suse.edu.cn/:false
2013-04-28 23:00:23,390 [pool-1-thread-1] INFO  270 HtmlParser - http://dag.suse.edu.cn/:true
2013-04-28 23:00:23,391 [pool-1-thread-1] INFO  267 HtmlParser - http://jjy.suse.edu.cn/:false
2013-04-28 23:00:23,418 [pool-1-thread-1] INFO  270 HtmlParser - http://jjy.suse.edu.cn/:true
2013-04-28 23:00:23,420 [pool-1-thread-1] INFO  267 HtmlParser - http://jjc.suse.edu.cn/:false
2013-04-28 23:00:23,437 [pool-1-thread-1] INFO  270 HtmlParser - http://jjc.suse.edu.cn/:true
2013-04-28 23:00:23,439 [pool-1-thread-1] INFO  267 HtmlParser - http://hgc.suse.edu.cn/:false
2013-04-28 23:00:23,451 [pool-1-thread-1] INFO  270 HtmlParser - http://hgc.suse.edu.cn/:true
2013-04-28 23:00:23,452 [pool-1-thread-1] INFO  267 HtmlParser - http://fgc.suse.edu.cn/:false
2013-04-28 23:00:23,464 [pool-1-thread-1] INFO  270 HtmlParser - http://fgc.suse.edu.cn/:true
2013-04-28 23:00:23,466 [pool-1-thread-1] INFO  267 HtmlParser - http://nic.suse.edu.cn/:false
2013-04-28 23:00:23,482 [pool-1-thread-1] INFO  270 HtmlParser - http://nic.suse.edu.cn/:true
2013-04-28 23:00:23,483 [pool-1-thread-1] INFO  267 HtmlParser - http://chx.suse.edu.cn/:false
2013-04-28 23:00:23,496 [pool-1-thread-1] INFO  270 HtmlParser - http://chx.suse.edu.cn/:true
2013-04-28 23:00:23,497 [pool-1-thread-1] INFO  267 HtmlParser - http://sgx.suse.edu.cn/:false
2013-04-28 23:00:23,509 [pool-1-thread-1] INFO  270 HtmlParser - http://sgx.suse.edu.cn/:true
2013-04-28 23:00:23,510 [pool-1-thread-1] INFO  267 HtmlParser - http://wyxy.suse.edu.cn/:false
2013-04-28 23:00:23,526 [pool-1-thread-1] INFO  270 HtmlParser - http://wyxy.suse.edu.cn/:true
2013-04-28 23:00:23,527 [pool-1-thread-1] INFO  267 HtmlParser - http://glx.suse.edu.cn/:false
2013-04-28 23:00:23,543 [pool-1-thread-1] INFO  270 HtmlParser - http://glx.suse.edu.cn/:true
2013-04-28 23:00:23,544 [pool-1-thread-1] INFO  267 HtmlParser - http://dz.suse.edu.cn/:false
2013-04-28 23:00:23,561 [pool-1-thread-1] INFO  270 HtmlParser - http://dz.suse.edu.cn/:true
2013-04-28 23:00:23,562 [pool-1-thread-1] INFO  267 HtmlParser - http://jdx.suse.edu.cn/:false
2013-04-28 23:00:23,576 [pool-1-thread-1] INFO  270 HtmlParser - http://jdx.suse.edu.cn/:true
2013-04-28 23:00:23,577 [pool-1-thread-1] INFO  267 HtmlParser - http://jkx.suse.edu.cn/:false
2013-04-28 23:00:23,597 [pool-1-thread-1] INFO  270 HtmlParser - http://jkx.suse.edu.cn/:true
2013-04-28 23:00:23,598 [pool-1-thread-1] INFO  267 HtmlParser - http://lxy.suse.edu.cn/:false
2013-04-28 23:00:23,616 [pool-1-thread-1] INFO  270 HtmlParser - http://lxy.suse.edu.cn/:true
2013-04-28 23:00:23,617 [pool-1-thread-1] INFO  267 HtmlParser - http://rwxy.suse.edu.cn/:false
2013-04-28 23:00:23,632 [pool-1-thread-1] INFO  270 HtmlParser - http://rwxy.suse.edu.cn/:true
2013-04-28 23:00:23,633 [pool-1-thread-1] INFO  267 HtmlParser - http://jgx.suse.edu.cn/:false
2013-04-28 23:00:23,646 [pool-1-thread-1] INFO  270 HtmlParser - http://jgx.suse.edu.cn/:true
2013-04-28 23:00:23,647 [pool-1-thread-1] INFO  267 HtmlParser - http://ysxy.suse.edu.cn/:false
2013-04-28 23:00:23,661 [pool-1-thread-1] INFO  270 HtmlParser - http://ysxy.suse.edu.cn/:true
2013-04-28 23:00:23,663 [pool-1-thread-1] INFO  267 HtmlParser - http://fxy.suse.edu.cn/:false
2013-04-28 23:00:23,679 [pool-1-thread-1] INFO  270 HtmlParser - http://fxy.suse.edu.cn/:true
2013-04-28 23:00:23,680 [pool-1-thread-1] INFO  267 HtmlParser - http://hxx.suse.edu.cn/:false
2013-04-28 23:00:23,695 [pool-1-thread-1] INFO  270 HtmlParser - http://hxx.suse.edu.cn/:true
2013-04-28 23:00:23,696 [pool-1-thread-1] INFO  267 HtmlParser - http://tyx.suse.edu.cn/:false
2013-04-28 23:00:23,709 [pool-1-thread-1] INFO  270 HtmlParser - http://tyx.suse.edu.cn/:true
2013-04-28 23:00:23,710 [pool-1-thread-1] INFO  267 HtmlParser - http://dggwh.suse.edu.cn/:false
2013-04-28 23:00:23,725 [pool-1-thread-1] INFO  270 HtmlParser - http://dggwh.suse.edu.cn/:true
2013-04-28 23:00:23,726 [pool-1-thread-1] INFO  267 HtmlParser - http://www.suse.edu.cn/quality/index.aspx:false
2013-04-28 23:00:23,742 [pool-1-thread-1] INFO  270 HtmlParser - http://www.suse.edu.cn/quality/index.aspx:true
2013-04-28 23:00:23,743 [pool-1-thread-1] INFO  267 HtmlParser - http://lib.suse.edu.cn/:false
2013-04-28 23:00:23,758 [pool-1-thread-1] INFO  270 HtmlParser - http://lib.suse.edu.cn/:false
2013-04-28 23:00:23,759 [pool-1-thread-1] INFO  267 HtmlParser - http://www.suse.edu.cn/view-1008.aspx:false
2013-04-28 23:00:23,772 [pool-1-thread-1] INFO  270 HtmlParser - http://www.suse.edu.cn/view-1008.aspx:true
2013-04-28 23:00:23,773 [pool-1-thread-1] INFO  267 HtmlParser - http://www.suse.edu.cn/view-1008.aspx:false
2013-04-28 23:00:23,788 [pool-1-thread-1] INFO  270 HtmlParser - http://www.suse.edu.cn/view-1008.aspx:false
2013-04-28 23:00:23,789 [pool-1-thread-1] INFO  267 HtmlParser - http://news.suse.edu.cn/:false
2013-04-28 23:00:23,807 [pool-1-thread-1] INFO  270 HtmlParser - http://news.suse.edu.cn/:true
2013-04-28 23:00:23,808 [pool-1-thread-1] INFO  267 HtmlParser - http://newspaper.suse.edu.cn/:false
2013-04-28 23:00:23,823 [pool-1-thread-1] INFO  270 HtmlParser - http://newspaper.suse.edu.cn/:true
2013-04-28 23:00:23,824 [pool-1-thread-1] INFO  267 HtmlParser - http://xb.suse.edu.cn/:false
2013-04-28 23:00:23,839 [pool-1-thread-1] INFO  270 HtmlParser - http://xb.suse.edu.cn/:false
2013-04-28 23:00:23,841 [pool-1-thread-1] INFO  267 HtmlParser - http://lib.suse.edu.cn/e-resource:false
2013-04-28 23:00:23,853 [pool-1-thread-1] INFO  270 HtmlParser - http://lib.suse.edu.cn/e-resource:true
2013-04-28 23:00:23,854 [pool-1-thread-1] INFO  267 HtmlParser - http://yjs.suse.edu.cn/:false
2013-04-28 23:00:23,866 [pool-1-thread-1] INFO  270 HtmlParser - http://yjs.suse.edu.cn/:false
2013-04-28 23:00:23,867 [pool-1-thread-1] INFO  267 HtmlParser - http://gjjl.suse.edu.cn/:false
2013-04-28 23:00:23,880 [pool-1-thread-1] INFO  270 HtmlParser - http://gjjl.suse.edu.cn/:false
2013-04-28 23:00:23,881 [pool-1-thread-1] INFO  267 HtmlParser - http://jjy.suse.edu.cn/:false
2013-04-28 23:00:23,896 [pool-1-thread-1] INFO  270 HtmlParser - http://jjy.suse.edu.cn/:false
2013-04-28 23:00:23,897 [pool-1-thread-1] INFO  267 HtmlParser - http://www.suse.edu.cn/quality/index.aspx:false
2013-04-28 23:00:23,916 [pool-1-thread-1] INFO  270 HtmlParser - http://www.suse.edu.cn/quality/index.aspx:false
2013-04-28 23:00:23,917 [pool-1-thread-1] INFO  267 HtmlParser - http://job.suse.edu.cn/:false
2013-04-28 23:00:23,931 [pool-1-thread-1] INFO  270 HtmlParser - http://job.suse.edu.cn/:true
2013-04-28 23:00:23,932 [pool-1-thread-1] INFO  267 HtmlParser - http://zb.suse.edu.cn/:false
2013-04-28 23:00:23,948 [pool-1-thread-1] INFO  270 HtmlParser - http://zb.suse.edu.cn/:false
2013-04-28 23:00:23,949 [pool-1-thread-1] INFO  267 HtmlParser - http://xljk.suse.edu.cn/:false
2013-04-28 23:00:23,968 [pool-1-thread-1] INFO  270 HtmlParser - http://xljk.suse.edu.cn/:true
2013-04-28 23:00:23,969 [pool-1-thread-1] INFO  267 HtmlParser - http://sxzzjy.suse.edu.cn/:false
2013-04-28 23:00:23,982 [pool-1-thread-1] INFO  270 HtmlParser - http://sxzzjy.suse.edu.cn/:true
2013-04-28 23:00:23,983 [pool-1-thread-1] INFO  267 HtmlParser - http://www.suse.edu.cn/sview-25.aspx:false
2013-04-28 23:00:23,996 [pool-1-thread-1] INFO  270 HtmlParser - http://www.suse.edu.cn/sview-25.aspx:true
2013-04-28 23:00:23,997 [pool-1-thread-1] INFO  267 HtmlParser - http://www.suse.edu.cn/cxzy/:false
2013-04-28 23:00:24,008 [pool-1-thread-1] INFO  270 HtmlParser - http://www.suse.edu.cn/cxzy/:true
2013-04-28 23:00:24,009 [pool-1-thread-1] INFO  267 HtmlParser - http://portal.suse.edu.cn/:false
2013-04-28 23:00:24,024 [pool-1-thread-1] INFO  270 HtmlParser - http://portal.suse.edu.cn/:true
2013-04-28 23:00:24,025 [pool-1-thread-1] INFO  267 HtmlParser - http://www.suse.edu.cn/list-5.aspx:false
2013-04-28 23:00:24,042 [pool-1-thread-1] INFO  270 HtmlParser - http://www.suse.edu.cn/list-5.aspx:true
2013-04-28 23:00:24,043 [pool-1-thread-1] INFO  267 HtmlParser - http://xxgk.suse.edu.cn/:false
2013-04-28 23:00:24,060 [pool-1-thread-1] INFO  270 HtmlParser - http://xxgk.suse.edu.cn/:true
2013-04-28 23:00:24,061 [pool-1-thread-1] INFO  267 HtmlParser - http://mail.suse.edu.cn/:false
2013-04-28 23:00:24,077 [pool-1-thread-1] INFO  270 HtmlParser - http://mail.suse.edu.cn/:true
2013-04-28 23:00:24,078 [pool-1-thread-1] INFO  267 HtmlParser - http://www.suse.edu.cn/sso/login.aspx:false
2013-04-28 23:00:24,094 [pool-1-thread-1] INFO  270 HtmlParser - http://www.suse.edu.cn/sso/login.aspx:true
2013-04-28 23:00:24,095 [pool-1-thread-1] INFO  267 HtmlParser - http://www.suse.edu.cn/sjxx/Default.aspx:false
2013-04-28 23:00:24,111 [pool-1-thread-1] INFO  270 HtmlParser - http://www.suse.edu.cn/sjxx/Default.aspx:true
2013-04-28 23:00:24,112 [pool-1-thread-1] INFO  267 HtmlParser - http://www.suse.edu.cn/yzxx/Default.aspx:false
2013-04-28 23:00:24,127 [pool-1-thread-1] INFO  270 HtmlParser - http://www.suse.edu.cn/yzxx/Default.aspx:true
2013-04-28 23:00:27,954 [pool-1-thread-1] TRACE 88 CrawlThread -  exit with (HtmlParser)
2013-04-28 23:01:57,885 [pool-1-thread-1] INFO  40 CrawlThread - Task url:http://gjjl.suse.edu.cn/
2013-04-28 23:02:00,107 [pool-1-thread-1] TRACE 41 CrawlThread -  entry parms(httpconnect)
2013-04-28 23:02:01,658 [pool-1-thread-1] INFO  53 HttpConnectPool - new conncet:
2013-04-28 23:02:05,131 [pool-1-thread-1] INFO  131 HttpConnect - http://gjjl.suse.edu.cn/
2013-04-28 23:03:18,752 [main] INFO  131 HttpConnect - http://gjjl.suse.edu.cn/
2013-04-28 23:03:46,504 [main] INFO  131 HttpConnect - http://gjjl.suse.edu.cn/
2013-04-28 23:03:52,207 [main] INFO  131 HttpConnect - http://gjjl.suse.edu.cn/
2013-04-28 23:07:39,557 [main] INFO  131 HttpConnect - http://gjjl.suse.edu.cn/
2013-04-28 23:08:31,461 [main] INFO  131 HttpConnect - http://gjjl.suse.edu.cn/
2013-04-28 23:09:38,579 [main] INFO  131 HttpConnect - http://gjjl.suse.edu.cn/
2013-04-28 23:13:56,684 [main] INFO  131 HttpConnect - http://news.ifeng.com/mainland/detail_2013_04/28/24787507_0.shtml
2013-04-28 23:14:21,221 [main] INFO  131 HttpConnect - http://news.ifeng.com/mainland/detail_2013_04/28/24787507_0.shtml
2013-04-28 23:14:47,338 [main] INFO  131 HttpConnect - http://news.ifeng.com/mainland/detail_2013_04/28/24787507_0.shtml
2013-04-28 23:22:22,917 [main] INFO  131 HttpConnect - http://jcc.suse.edu.cn/
2013-04-28 23:22:37,873 [main] INFO  131 HttpConnect - http://jcc.suse.edu.cn/
2013-04-28 23:22:45,475 [main] INFO  131 HttpConnect - http://jcc.suse.edu.cn/
2013-04-28 23:22:45,767 [main] INFO  155 HtmlDownload - The Dir Exist
2013-04-28 23:25:40,866 [main] INFO  131 HttpConnect - http://jcc.suse.edu.cn/
2013-04-28 23:25:41,167 [main] INFO  155 HtmlDownload - The Dir Exist
2013-04-28 23:26:23,583 [main] INFO  131 HttpConnect - http://jcc.suse.edu.cn/
2013-04-28 23:27:37,615 [main] INFO  155 HtmlDownload - The Dir Exist
2013-04-28 23:43:53,828 [main] INFO  131 HttpConnect - http://jcc.suse.edu.cn/
2013-04-28 23:43:54,136 [main] INFO  155 HtmlDownload - The Dir Exist
2013-04-29 22:49:20,371 [main] INFO  58 FieldThread - writing id=1099512676352 field
2013-04-29 22:49:20,377 [main] INFO  58 FieldThread - writing id=2199024304128 field
2013-04-29 22:49:20,380 [main] INFO  58 FieldThread - writing id=3298535931904 field
2013-04-29 22:49:20,383 [main] INFO  58 FieldThread - writing id=4398047559680 field
2013-04-29 22:49:20,386 [main] INFO  58 FieldThread - writing id=5497559187456 field
2013-04-29 22:49:20,389 [main] INFO  58 FieldThread - writing id=6597070815232 field
2013-04-29 22:53:07,094 [main] INFO  64 FieldThread - writing id=1099512676352 field
2013-04-29 22:53:07,104 [main] INFO  64 FieldThread - writing id=2199024304128 field
2013-04-29 22:53:07,112 [main] INFO  64 FieldThread - writing id=3298535931904 field
2013-04-29 22:53:07,126 [main] INFO  64 FieldThread - writing id=4398047559680 field
2013-04-29 22:53:07,140 [main] INFO  64 FieldThread - writing id=5497559187456 field
2013-04-29 22:53:07,155 [main] INFO  64 FieldThread - writing id=6597070815232 field
2013-04-29 22:57:12,597 [main] INFO  65 FieldThread - writing id=6597070815232 field
2013-04-29 23:05:20,326 [main] INFO  65 FieldThread - writing id=1099512676352 field
2013-04-29 23:05:20,331 [main] INFO  65 FieldThread - writing id=2199024304128 field
2013-04-29 23:05:20,334 [main] INFO  65 FieldThread - writing id=3298535931904 field
2013-04-29 23:05:20,336 [main] INFO  65 FieldThread - writing id=4398047559680 field
2013-04-29 23:05:20,339 [main] INFO  65 FieldThread - writing id=5497559187456 field
2013-04-29 23:05:20,341 [main] INFO  65 FieldThread - writing id=6597070815232 field
2013-04-29 23:06:04,044 [main] INFO  65 FieldThread - writing id=1099512676352 field
2013-04-29 23:06:04,055 [main] INFO  65 FieldThread - writing id=2199024304128 field
2013-04-29 23:06:04,064 [main] INFO  65 FieldThread - writing id=3298535931904 field
2013-04-29 23:06:04,078 [main] INFO  65 FieldThread - writing id=4398047559680 field
2013-04-29 23:06:04,090 [main] INFO  65 FieldThread - writing id=5497559187456 field
2013-04-29 23:06:04,102 [main] INFO  65 FieldThread - writing id=6597070815232 field
2013-04-29 23:09:07,757 [main] INFO  65 FieldThread - writing id=1099512676352 field
2013-04-29 23:09:07,771 [main] INFO  65 FieldThread - writing id=2199024304128 field
2013-04-29 23:09:07,778 [main] INFO  65 FieldThread - writing id=3298535931904 field
2013-04-29 23:09:07,788 [main] INFO  65 FieldThread - writing id=4398047559680 field
2013-04-29 23:09:07,797 [main] INFO  65 FieldThread - writing id=5497559187456 field
2013-04-29 23:09:07,809 [main] INFO  65 FieldThread - writing id=6597070815232 field
2013-04-29 23:16:54,201 [main] INFO  65 FieldThread - writing id=1099512676352 field
2013-04-29 23:16:54,208 [main] INFO  65 FieldThread - writing id=2199024304128 field
2013-04-29 23:16:54,216 [main] INFO  65 FieldThread - writing id=3298535931904 field
2013-04-29 23:16:54,225 [main] INFO  65 FieldThread - writing id=4398047559680 field
2013-04-29 23:16:54,236 [main] INFO  65 FieldThread - writing id=5497559187456 field
2013-04-29 23:16:54,251 [main] INFO  65 FieldThread - writing id=6597070815232 field
2013-04-29 23:20:21,678 [main] INFO  65 FieldThread - writing id=1099512676352 field
2013-04-29 23:20:21,691 [main] INFO  65 FieldThread - writing id=2199024304128 field
2013-04-29 23:20:21,695 [main] INFO  65 FieldThread - writing id=3298535931904 field
2013-04-29 23:20:21,699 [main] INFO  65 FieldThread - writing id=4398047559680 field
2013-04-29 23:20:21,703 [main] INFO  65 FieldThread - writing id=5497559187456 field
2013-04-29 23:20:21,707 [main] INFO  65 FieldThread - writing id=6597070815232 field
2013-04-29 23:21:12,592 [main] INFO  65 FieldThread - writing id=1099512676352 field
2013-04-29 23:21:12,605 [main] INFO  65 FieldThread - writing id=2199024304128 field
2013-04-29 23:21:12,615 [main] INFO  65 FieldThread - writing id=3298535931904 field
2013-04-29 23:21:12,627 [main] INFO  65 FieldThread - writing id=4398047559680 field
2013-04-29 23:21:12,660 [main] INFO  65 FieldThread - writing id=5497559187456 field
2013-04-29 23:21:12,665 [main] INFO  65 FieldThread - writing id=6597070815232 field
2013-04-29 23:23:47,432 [main] INFO  50 DocumentThread - writing id=1099511627776 document
2013-04-29 23:23:47,462 [main] INFO  50 DocumentThread - writing id=2199023255552 document
2013-04-29 23:23:47,471 [main] INFO  50 DocumentThread - writing id=3298534883328 document
2013-04-29 23:23:47,481 [main] INFO  50 DocumentThread - writing id=4398046511104 document
2013-04-29 23:23:47,488 [main] INFO  50 DocumentThread - writing id=5497558138880 document
2013-04-29 23:23:47,499 [main] INFO  50 DocumentThread - writing id=6597069766656 document
2013-04-29 23:26:13,299 [main] INFO  172 IndexThread - writing term=aiwo index
2013-04-29 23:26:13,323 [main] INFO  172 IndexThread - writing term=dongfangbubei index
2013-04-29 23:26:13,346 [main] INFO  172 IndexThread - writing term=guliang index
2013-04-29 23:26:13,365 [main] INFO  172 IndexThread - writing term=lejie index
2013-04-29 23:26:13,392 [main] INFO  172 IndexThread - writing term=Áà±Êàë index
2013-04-29 23:26:13,411 [main] INFO  172 IndexThread - writing term=‰∫ÜÁªì index
2013-04-29 23:31:16,059 [main] INFO  172 IndexThread - writing term=aiwo index
2013-04-29 23:31:16,086 [main] INFO  172 IndexThread - writing term=dongfangbubei index
2013-04-29 23:31:16,112 [main] INFO  172 IndexThread - writing term=guliang index
2013-04-29 23:31:16,142 [main] INFO  172 IndexThread - writing term=lejie index
2013-04-29 23:31:16,175 [main] INFO  172 IndexThread - writing term=Áà±Êàë index
2013-04-29 23:31:16,206 [main] INFO  172 IndexThread - writing term=‰∫ÜÁªì index
2013-04-29 23:45:29,325 [main] INFO  50 DocumentThread - writing id=1099511627776 document
2013-04-29 23:45:29,349 [main] INFO  50 DocumentThread - writing id=2199023255552 document
2013-04-29 23:45:29,354 [main] INFO  50 DocumentThread - writing id=3298534883328 document
2013-04-29 23:45:29,361 [main] INFO  50 DocumentThread - writing id=4398046511104 document
2013-04-29 23:45:29,375 [main] INFO  50 DocumentThread - writing id=5497558138880 document
2013-04-29 23:45:29,387 [main] INFO  50 DocumentThread - writing id=6597069766656 document
2013-04-29 23:45:29,421 [main] INFO  65 FieldThread - writing id=1099512676352 field
2013-04-29 23:45:29,431 [main] INFO  65 FieldThread - writing id=2199024304128 field
2013-04-29 23:45:29,440 [main] INFO  65 FieldThread - writing id=3298535931904 field
2013-04-29 23:45:29,448 [main] INFO  65 FieldThread - writing id=4398047559680 field
2013-04-29 23:45:29,454 [main] INFO  65 FieldThread - writing id=5497559187456 field
2013-04-29 23:45:29,463 [main] INFO  65 FieldThread - writing id=6597070815232 field
2013-04-29 23:45:29,523 [main] INFO  172 IndexThread - writing term=aiwo index
2013-04-29 23:45:29,550 [main] INFO  172 IndexThread - writing term=dongfangbubei index
2013-04-29 23:45:29,573 [main] INFO  172 IndexThread - writing term=guliang index
2013-04-29 23:45:29,597 [main] INFO  172 IndexThread - writing term=lejie index
2013-04-29 23:45:29,619 [main] INFO  172 IndexThread - writing term=Áà±Êàë index
2013-04-29 23:45:29,639 [main] INFO  172 IndexThread - writing term=‰∫ÜÁªì index
2013-04-29 23:47:59,103 [main] INFO  50 DocumentThread - writing id=1099511627776 document
2013-04-29 23:47:59,127 [main] INFO  50 DocumentThread - writing id=2199023255552 document
2013-04-29 23:47:59,134 [main] INFO  50 DocumentThread - writing id=3298534883328 document
2013-04-29 23:47:59,148 [main] INFO  50 DocumentThread - writing id=4398046511104 document
2013-04-29 23:47:59,158 [main] INFO  50 DocumentThread - writing id=5497558138880 document
2013-04-29 23:47:59,171 [main] INFO  50 DocumentThread - writing id=6597069766656 document
2013-04-29 23:47:59,207 [main] INFO  65 FieldThread - writing id=1099512676352 field
2013-04-29 23:47:59,217 [main] INFO  65 FieldThread - writing id=2199024304128 field
2013-04-29 23:47:59,224 [main] INFO  65 FieldThread - writing id=3298535931904 field
2013-04-29 23:47:59,230 [main] INFO  65 FieldThread - writing id=4398047559680 field
2013-04-29 23:47:59,236 [main] INFO  65 FieldThread - writing id=5497559187456 field
2013-04-29 23:47:59,244 [main] INFO  65 FieldThread - writing id=6597070815232 field
2013-04-29 23:47:59,293 [main] INFO  172 IndexThread - writing term=aiwo index
2013-04-29 23:47:59,319 [main] INFO  172 IndexThread - writing term=dongfangbubei index
2013-04-29 23:47:59,344 [main] INFO  172 IndexThread - writing term=guliang index
2013-04-29 23:47:59,369 [main] INFO  172 IndexThread - writing term=lejie index
2013-04-29 23:47:59,391 [main] INFO  172 IndexThread - writing term=Áà±Êàë index
2013-04-29 23:47:59,446 [main] INFO  172 IndexThread - writing term=‰∏úÊñπ‰∏çË¥• index
2013-04-29 23:47:59,465 [main] INFO  172 IndexThread - writing term=‰∫ÜÁªì index
2013-04-29 23:58:34,736 [main] INFO  50 DocumentThread - writing id=1099511627776 document
2013-04-29 23:58:34,765 [main] INFO  50 DocumentThread - writing id=2199023255552 document
2013-04-29 23:58:34,773 [main] INFO  50 DocumentThread - writing id=3298534883328 document
2013-04-29 23:58:34,786 [main] INFO  50 DocumentThread - writing id=4398046511104 document
2013-04-29 23:58:34,800 [main] INFO  50 DocumentThread - writing id=5497558138880 document
2013-04-29 23:58:34,810 [main] INFO  50 DocumentThread - writing id=6597069766656 document
2013-04-29 23:58:34,849 [main] INFO  65 FieldThread - writing id=1099512676352 field
2013-04-29 23:58:34,860 [main] INFO  65 FieldThread - writing id=2199024304128 field
2013-04-29 23:58:34,869 [main] INFO  65 FieldThread - writing id=3298535931904 field
2013-04-29 23:58:34,877 [main] INFO  65 FieldThread - writing id=4398047559680 field
2013-04-29 23:58:34,885 [main] INFO  65 FieldThread - writing id=5497559187456 field
2013-04-29 23:58:34,891 [main] INFO  65 FieldThread - writing id=6597070815232 field
2013-04-29 23:58:34,947 [main] INFO  172 IndexThread - writing term=aiwo index
2013-04-29 23:58:34,975 [main] INFO  172 IndexThread - writing term=dongfangbubei index
2013-04-29 23:58:34,998 [main] INFO  172 IndexThread - writing term=guliang index
2013-04-29 23:58:35,025 [main] INFO  172 IndexThread - writing term=lejie index
2013-04-29 23:58:35,047 [main] INFO  172 IndexThread - writing term=∞ÆŒ“ index
2013-04-29 23:58:35,075 [main] INFO  172 IndexThread - writing term=∂´∑Ω≤ª∞‹ index
2013-04-29 23:58:35,092 [main] INFO  172 IndexThread - writing term=¡ÀΩ· index
2013-04-30 11:59:50,371 [main] INFO  50 DocumentThread - writing id=1099511627776 document
2013-04-30 11:59:50,390 [main] INFO  50 DocumentThread - writing id=2199023255552 document
2013-04-30 11:59:50,394 [main] INFO  50 DocumentThread - writing id=3298534883328 document
2013-04-30 11:59:50,397 [main] INFO  50 DocumentThread - writing id=4398046511104 document
2013-04-30 11:59:50,401 [main] INFO  50 DocumentThread - writing id=5497558138880 document
2013-04-30 11:59:50,405 [main] INFO  50 DocumentThread - writing id=6597069766656 document
2013-04-30 12:02:45,835 [main] INFO  50 DocumentThread - writing id=1099511627776 document
2013-04-30 12:02:45,853 [main] INFO  50 DocumentThread - writing id=2199023255552 document
2013-04-30 12:02:45,856 [main] INFO  50 DocumentThread - writing id=3298534883328 document
2013-04-30 12:02:45,860 [main] INFO  50 DocumentThread - writing id=4398046511104 document
2013-04-30 12:02:45,864 [main] INFO  50 DocumentThread - writing id=5497558138880 document
2013-04-30 12:02:45,868 [main] INFO  50 DocumentThread - writing id=6597069766656 document
2013-04-30 12:06:53,894 [main] INFO  50 DocumentThread - writing id=1099511627776 document
2013-04-30 12:06:53,922 [main] INFO  50 DocumentThread - writing id=2199023255552 document
2013-04-30 12:06:53,932 [main] INFO  50 DocumentThread - writing id=3298534883328 document
2013-04-30 12:06:53,944 [main] INFO  50 DocumentThread - writing id=4398046511104 document
2013-04-30 12:06:53,955 [main] INFO  50 DocumentThread - writing id=5497558138880 document
2013-04-30 12:06:53,967 [main] INFO  50 DocumentThread - writing id=6597069766656 document
2013-04-30 12:07:12,989 [main] INFO  60 FieldThread - writing id=1099512676352 field
2013-04-30 12:07:13,003 [main] INFO  60 FieldThread - writing id=2199024304128 field
2013-04-30 12:07:13,010 [main] INFO  60 FieldThread - writing id=3298535931904 field
2013-04-30 12:07:13,023 [main] INFO  60 FieldThread - writing id=4398047559680 field
2013-04-30 12:07:13,038 [main] INFO  60 FieldThread - writing id=5497559187456 field
2013-04-30 12:07:13,050 [main] INFO  60 FieldThread - writing id=6597070815232 field
2013-04-30 12:07:19,727 [main] INFO  172 IndexThread - writing term=aiwo index
2013-04-30 12:07:19,756 [main] INFO  172 IndexThread - writing term=dongfangbubei index
2013-04-30 12:07:19,779 [main] INFO  172 IndexThread - writing term=guliang index
2013-04-30 12:07:19,802 [main] INFO  172 IndexThread - writing term=lejie index
2013-04-30 12:07:19,829 [main] INFO  172 IndexThread - writing term=∞ÆŒ“ index
2013-04-30 12:07:19,859 [main] INFO  172 IndexThread - writing term=¡ÀΩ· index
